<?xml version="1.0" encoding="UTF-8"?>
<testsuite xmlns:xsi="http://www.w3.org/2001/XMLSchema-instance" xsi:noNamespaceSchemaLocation="https://maven.apache.org/surefire/maven-surefire-plugin/xsd/surefire-test-report.xsd" name="cucumber.Options.TestRunner" time="8.595" tests="3" errors="0" skipped="0" failures="0">
  <properties>
[...]
</properties>
  <testcase name="Verify if Place is being Sucessfully added using AddPlaceAPI #1" classname="Validating Place API&apos;s&apos;" time="4.815"/>
  <testcase name="Verify if Place is being Sucessfully added using AddPlaceAPI outline" classname="Validating Place API&apos;s&apos;" time="1.519"/>
  <testcase name="Verify if Place is being Sucessfully added using AddPlaceAPI #2" classname="Validating Place API&apos;s&apos;" time="0.679"/>
</testsuite>